This file contains any messages produced by compilers while
running configure, to aid debugging if configure makes a mistake.

It was created by configure, which was
generated by GNU Autoconf 2.69.  Invocation command line was

  $ ./configure --prefix=/home/tonyho/tq2440/MP3/alsa-utils-1.0.27.2/binout --host=arm-linux CC=arm-linux-gcc --with-alsa-inc-prefix=/home/tonyho/tq2440/MP3/alsa-lib-1.0.27/libout/include --with-alsa-prefix=/home/tonyho/tq2440/MP3/alsa-lib-1.0.27/libout/lib --disable-xmlto --disable-alsamixer

## --------- ##
## Platform. ##
## --------- ##

hostname = tonyho-Aspire
uname -m = x86_64
uname -r = 3.2.0-48-generic
uname -s = Linux
uname -v = #74-Ubuntu SMP Thu Jun 6 19:43:26 UTC 2013

/usr/bin/uname -p = unknown
/bin/uname -X     = unknown

/bin/arch              = unknown
/usr/bin/arch -k       = unknown
/usr/convex/getsysinfo = unknown
/usr/bin/hostinfo      = unknown
/bin/machine           = unknown
/usr/bin/oslevel       = unknown
/bin/universe          = unknown

PATH: /home/tonyho/CodeSourcery/Sourcery_CodeBench_Lite_for_ARM_GNU_Linux/bin
PATH: /home/tonyho/.nix-profile/bin
PATH: /usr/lib/lightdm/lightdm
PATH: /usr/local/sbin
PATH: /usr/local/bin
PATH: /usr/sbin
PATH: /usr/bin
PATH: /sbin
PATH: /bin
PATH: /usr/games
PATH: /opt/EmbedSky/4.3.3/bin
PATH: /opt/EmbedSky/crosstools_3.4.5_softfloat/gcc-3.4.5-glibc-2.3.6/arm-linux/bin


## ----------- ##
## Core tests. ##
## ----------- ##

configure:2333: checking for a BSD-compatible install
configure:2401: result: /usr/bin/install -c
configure:2412: checking whether build environment is sane
configure:2467: result: yes
configure:2526: checking for arm-linux-strip
configure:2542: found /opt/EmbedSky/4.3.3/bin/arm-linux-strip
configure:2553: result: arm-linux-strip
configure:2618: checking for a thread-safe mkdir -p
configure:2657: result: /bin/mkdir -p
configure:2664: checking for gawk
configure:2680: found /usr/bin/gawk
configure:2691: result: gawk
configure:2702: checking whether make sets $(MAKE)
configure:2724: result: yes
configure:2813: checking whether to enable maintainer-specific portions of Makefiles
configure:2822: result: yes
configure:2844: checking whether NLS is requested
configure:2853: result: yes
configure:2894: checking for msgfmt
configure: trying /usr/bin/msgfmt...
0 translated messages.
configure:2926: result: /usr/bin/msgfmt
configure:2935: checking for gmsgfmt
configure:2966: result: /usr/bin/msgfmt
configure:3017: checking for xgettext
configure: trying /usr/bin/xgettext...
/usr/bin/xgettext: warning: file `/dev/null' extension `' is unknown; will try C
configure:3049: result: /usr/bin/xgettext
configure:3095: checking for msgmerge
configure: trying /usr/bin/msgmerge...
configure:3126: result: /usr/bin/msgmerge
configure:3171: checking for style of include used by make
configure:3199: result: GNU
configure:3230: checking for arm-linux-gcc
configure:3257: result: arm-linux-gcc
configure:3526: checking for C compiler version
configure:3535: arm-linux-gcc --version >&5
arm-none-linux-gnueabi-gcc (Sourcery G++ Lite 2009q1-176) 4.3.3
Copyright (C) 2008 Free Software Foundation, Inc.
This is free software; see the source for copying conditions.  There is NO
warranty; not even for MERCHANTABILITY or FITNESS FOR A PARTICULAR PURPOSE.

configure:3546: $? = 0
configure:3535: arm-linux-gcc -v >&5
Using built-in specs.
Target: arm-none-linux-gnueabi
Configured with: /scratch/maxim/arm-lite/src-4.3-arm-none-linux-gnueabi-lite/gcc-4.3/configure --build=i686-pc-linux-gnu --host=i686-pc-linux-gnu --target=arm-none-linux-gnueabi --enable-threads --disable-libmudflap --disable-libssp --disable-libstdcxx-pch --with-gnu-as --with-gnu-ld --with-specs='%{funwind-tables|fno-unwind-tables|mabi=*|ffreestanding|nostdlib:;:-funwind-tables}' --enable-languages=c,c++ --enable-shared --enable-symvers=gnu --enable-__cxa_atexit --with-pkgversion='Sourcery G++ Lite 2009q1-176' --with-bugurl=https://support.codesourcery.com/GNUToolchain/ --disable-nls --prefix=/opt/codesourcery --with-sysroot=/opt/codesourcery/arm-none-linux-gnueabi/libc --with-build-sysroot=/scratch/maxim/arm-lite/install-4.3-arm-none-linux-gnueabi-lite/arm-none-linux-gnueabi/libc --with-gmp=/scratch/maxim/arm-lite/obj-4.3-arm-none-linux-gnueabi-lite/host-libs-2009q1-176-arm-none-linux-gnueabi-i686-pc-linux-gnu/usr --with-mpfr=/scratch/maxim/arm-lite/obj-4.3-arm-none-linux-gnueabi-lite/host-libs-2009q1-176-arm-none-linux-gnueabi-i686-pc-linux-gnu/usr --disable-libgomp --enable-poison-system-directories --with-build-time-tools=/scratch/maxim/arm-lite/install-4.3-arm-none-linux-gnueabi-lite/arm-none-linux-gnueabi/bin --with-build-time-tools=/scratch/maxim/arm-lite/install-4.3-arm-none-linux-gnueabi-lite/arm-none-linux-gnueabi/bin
Thread model: posix
gcc version 4.3.3 (Sourcery G++ Lite 2009q1-176) 
configure:3546: $? = 0
configure:3535: arm-linux-gcc -V >&5
arm-none-linux-gnueabi-gcc: '-V' must come at the start of the command line
configure:3546: $? = 1
configure:3535: arm-linux-gcc -qversion >&5
arm-none-linux-gnueabi-gcc: unrecognized option '-qversion'
arm-none-linux-gnueabi-gcc: no input files
configure:3546: $? = 1
configure:3566: checking whether the C compiler works
configure:3588: arm-linux-gcc    conftest.c  >&5
configure:3592: $? = 0
configure:3640: result: yes
configure:3643: checking for C compiler default output file name
configure:3645: result: a.out
configure:3651: checking for suffix of executables
configure:3658: arm-linux-gcc -o conftest    conftest.c  >&5
configure:3662: $? = 0
configure:3684: result: 
configure:3706: checking whether we are cross compiling
configure:3714: arm-linux-gcc -o conftest    conftest.c  >&5
configure:3718: $? = 0
configure:3725: ./conftest
/lib/ld-linux.so.3: No such file or directory
configure:3729: $? = 255
configure:3744: result: yes
configure:3749: checking for suffix of object files
configure:3771: arm-linux-gcc -c   conftest.c >&5
configure:3775: $? = 0
configure:3796: result: o
configure:3800: checking whether we are using the GNU C compiler
configure:3819: arm-linux-gcc -c   conftest.c >&5
configure:3819: $? = 0
configure:3828: result: yes
configure:3837: checking whether arm-linux-gcc accepts -g
configure:3857: arm-linux-gcc -c -g  conftest.c >&5
configure:3857: $? = 0
configure:3898: result: yes
configure:3915: checking for arm-linux-gcc option to accept ISO C89
configure:3978: arm-linux-gcc  -c -g -O2  conftest.c >&5
configure:3978: $? = 0
configure:3991: result: none needed
configure:4013: checking dependency style of arm-linux-gcc
configure:4124: result: gcc3
configure:4143: checking build system type
configure:4157: result: x86_64-unknown-linux-gnu
configure:4177: checking host system type
configure:4190: result: arm-unknown-linux-gnu
configure:4234: checking for ld used by GCC
configure:4298: result: /opt/EmbedSky/4.3.3/arm-none-linux-gnueabi/bin/ld
configure:4305: checking if the linker (/opt/EmbedSky/4.3.3/arm-none-linux-gnueabi/bin/ld) is GNU ld
configure:4318: result: yes
configure:4325: checking for shared library run path origin
configure:4338: result: done
configure:4363: checking how to run the C preprocessor
configure:4394: arm-linux-gcc -E  conftest.c
configure:4394: $? = 0
configure:4408: arm-linux-gcc -E  conftest.c
conftest.c:11:28: error: ac_nonexistent.h: No such file or directory
configure:4408: $? = 1
configure: failed program was:
| /* confdefs.h */
| #define PACKAGE_NAME ""
| #define PACKAGE_TARNAME ""
| #define PACKAGE_VERSION ""
| #define PACKAGE_STRING ""
| #define PACKAGE_BUGREPORT ""
| #define PACKAGE_URL ""
| #define PACKAGE "alsa-utils"
| #define VERSION "1.0.27.2"
| /* end confdefs.h.  */
| #include <ac_nonexistent.h>
configure:4433: result: arm-linux-gcc -E
configure:4453: arm-linux-gcc -E  conftest.c
configure:4453: $? = 0
configure:4467: arm-linux-gcc -E  conftest.c
conftest.c:11:28: error: ac_nonexistent.h: No such file or directory
configure:4467: $? = 1
configure: failed program was:
| /* confdefs.h */
| #define PACKAGE_NAME ""
| #define PACKAGE_TARNAME ""
| #define PACKAGE_VERSION ""
| #define PACKAGE_STRING ""
| #define PACKAGE_BUGREPORT ""
| #define PACKAGE_URL ""
| #define PACKAGE "alsa-utils"
| #define VERSION "1.0.27.2"
| /* end confdefs.h.  */
| #include <ac_nonexistent.h>
configure:4496: checking for grep that handles long lines and -e
configure:4554: result: /bin/grep
configure:4559: checking for egrep
configure:4621: result: /bin/grep -E
configure:5179: checking for CFPreferencesCopyAppValue
configure:5197: arm-linux-gcc -o conftest -g -O2   conftest.c  -Wl,-framework -Wl,CoreFoundation >&5
conftest.c:11:42: error: CoreFoundation/CFPreferences.h: No such file or directory
conftest.c: In function 'main':
conftest.c:15: error: 'NULL' undeclared (first use in this function)
conftest.c:15: error: (Each undeclared identifier is reported only once
conftest.c:15: error: for each function it appears in.)
configure:5197: $? = 1
configure: failed program was:
| /* confdefs.h */
| #define PACKAGE_NAME ""
| #define PACKAGE_TARNAME ""
| #define PACKAGE_VERSION ""
| #define PACKAGE_STRING ""
| #define PACKAGE_BUGREPORT ""
| #define PACKAGE_URL ""
| #define PACKAGE "alsa-utils"
| #define VERSION "1.0.27.2"
| /* end confdefs.h.  */
| #include <CoreFoundation/CFPreferences.h>
| int
| main ()
| {
| CFPreferencesCopyAppValue(NULL, NULL)
|   ;
|   return 0;
| }
configure:5206: result: no
configure:5213: checking for CFLocaleCopyCurrent
configure:5231: arm-linux-gcc -o conftest -g -O2   conftest.c  -Wl,-framework -Wl,CoreFoundation >&5
conftest.c:11:37: error: CoreFoundation/CFLocale.h: No such file or directory
configure:5231: $? = 1
configure: failed program was:
| /* confdefs.h */
| #define PACKAGE_NAME ""
| #define PACKAGE_TARNAME ""
| #define PACKAGE_VERSION ""
| #define PACKAGE_STRING ""
| #define PACKAGE_BUGREPORT ""
| #define PACKAGE_URL ""
| #define PACKAGE "alsa-utils"
| #define VERSION "1.0.27.2"
| /* end confdefs.h.  */
| #include <CoreFoundation/CFLocale.h>
| int
| main ()
| {
| CFLocaleCopyCurrent();
|   ;
|   return 0;
| }
configure:5240: result: no
configure:5289: checking for GNU gettext in libc
configure:5309: arm-linux-gcc -o conftest -g -O2   conftest.c  >&5
configure:5309: $? = 0
configure:5318: result: yes
configure:6109: checking whether to use NLS
configure:6111: result: yes
configure:6114: checking where the gettext function comes from
configure:6125: result: libc
configure:6208: checking for arm-linux-gcc
configure:6235: result: arm-linux-gcc
configure:6504: checking for C compiler version
configure:6513: arm-linux-gcc --version >&5
arm-none-linux-gnueabi-gcc (Sourcery G++ Lite 2009q1-176) 4.3.3
Copyright (C) 2008 Free Software Foundation, Inc.
This is free software; see the source for copying conditions.  There is NO
warranty; not even for MERCHANTABILITY or FITNESS FOR A PARTICULAR PURPOSE.

configure:6524: $? = 0
configure:6513: arm-linux-gcc -v >&5
Using built-in specs.
Target: arm-none-linux-gnueabi
Configured with: /scratch/maxim/arm-lite/src-4.3-arm-none-linux-gnueabi-lite/gcc-4.3/configure --build=i686-pc-linux-gnu --host=i686-pc-linux-gnu --target=arm-none-linux-gnueabi --enable-threads --disable-libmudflap --disable-libssp --disable-libstdcxx-pch --with-gnu-as --with-gnu-ld --with-specs='%{funwind-tables|fno-unwind-tables|mabi=*|ffreestanding|nostdlib:;:-funwind-tables}' --enable-languages=c,c++ --enable-shared --enable-symvers=gnu --enable-__cxa_atexit --with-pkgversion='Sourcery G++ Lite 2009q1-176' --with-bugurl=https://support.codesourcery.com/GNUToolchain/ --disable-nls --prefix=/opt/codesourcery --with-sysroot=/opt/codesourcery/arm-none-linux-gnueabi/libc --with-build-sysroot=/scratch/maxim/arm-lite/install-4.3-arm-none-linux-gnueabi-lite/arm-none-linux-gnueabi/libc --with-gmp=/scratch/maxim/arm-lite/obj-4.3-arm-none-linux-gnueabi-lite/host-libs-2009q1-176-arm-none-linux-gnueabi-i686-pc-linux-gnu/usr --with-mpfr=/scratch/maxim/arm-lite/obj-4.3-arm-none-linux-gnueabi-lite/host-libs-2009q1-176-arm-none-linux-gnueabi-i686-pc-linux-gnu/usr --disable-libgomp --enable-poison-system-directories --with-build-time-tools=/scratch/maxim/arm-lite/install-4.3-arm-none-linux-gnueabi-lite/arm-none-linux-gnueabi/bin --with-build-time-tools=/scratch/maxim/arm-lite/install-4.3-arm-none-linux-gnueabi-lite/arm-none-linux-gnueabi/bin
Thread model: posix
gcc version 4.3.3 (Sourcery G++ Lite 2009q1-176) 
configure:6524: $? = 0
configure:6513: arm-linux-gcc -V >&5
arm-none-linux-gnueabi-gcc: '-V' must come at the start of the command line
configure:6524: $? = 1
configure:6513: arm-linux-gcc -qversion >&5
arm-none-linux-gnueabi-gcc: unrecognized option '-qversion'
arm-none-linux-gnueabi-gcc: no input files
configure:6524: $? = 1
configure:6528: checking whether we are using the GNU C compiler
configure:6556: result: yes
configure:6565: checking whether arm-linux-gcc accepts -g
configure:6626: result: yes
configure:6643: checking for arm-linux-gcc option to accept ISO C89
configure:6719: result: none needed
configure:6741: checking dependency style of arm-linux-gcc
configure:6852: result: gcc3
configure:6869: checking whether ln -s works
configure:6873: result: yes
configure:6880: checking for a sed that does not truncate output
configure:6944: result: /bin/sed
configure:6959: checking for arm-linux-pkg-config
configure:6992: result: no
configure:7002: checking for pkg-config
configure:7020: found /usr/bin/pkg-config
configure:7032: result: /usr/bin/pkg-config
configure:7044: WARNING: using cross tools not prefixed with host triplet
configure:7057: checking pkg-config is at least version 0.9.0
configure:7060: result: yes
configure:7099: checking for ALSA CFLAGS
configure:7105: result:  -I/home/tonyho/tq2440/MP3/alsa-lib-1.0.27/libout/include
configure:7108: checking for ALSA LDFLAGS
configure:7117: result:  -L/home/tonyho/tq2440/MP3/alsa-lib-1.0.27/libout/lib -lasound -lm -ldl -lpthread
configure:7122: checking for libasound headers version >= 1.0.27
configure:7184: arm-linux-gcc -c -g -O2 -I/home/tonyho/tq2440/MP3/alsa-lib-1.0.27/libout/include  conftest.c >&5
configure:7184: $? = 0
configure:7185: result: found.
configure:7204: checking for snd_ctl_open in -lasound
configure:7229: arm-linux-gcc -o conftest -g -O2 -I/home/tonyho/tq2440/MP3/alsa-lib-1.0.27/libout/include    -L/home/tonyho/tq2440/MP3/alsa-lib-1.0.27/libout/lib conftest.c -lasound   -L/home/tonyho/tq2440/MP3/alsa-lib-1.0.27/libout/lib -lasound -lm -ldl -lpthread  >&5
configure:7229: $? = 0
configure:7238: result: yes
configure:7274: checking for snd_ctl_elem_add_enumerated
configure:7274: arm-linux-gcc -o conftest -g -O2 -I/home/tonyho/tq2440/MP3/alsa-lib-1.0.27/libout/include    -L/home/tonyho/tq2440/MP3/alsa-lib-1.0.27/libout/lib conftest.c -lasound -L/home/tonyho/tq2440/MP3/alsa-lib-1.0.27/libout/lib -lm -ldl -lpthread >&5
configure:7274: $? = 0
configure:7274: result: yes
configure:7285: checking for alsa/pcm.h
configure:7285: arm-linux-gcc -c -g -O2 -I/home/tonyho/tq2440/MP3/alsa-lib-1.0.27/libout/include  conftest.c >&5
configure:7285: $? = 0
configure:7285: result: yes
configure:7300: checking for alsa/mixer.h
configure:7300: arm-linux-gcc -c -g -O2 -I/home/tonyho/tq2440/MP3/alsa-lib-1.0.27/libout/include  conftest.c >&5
configure:7300: $? = 0
configure:7300: result: yes
configure:7315: checking for alsa/rawmidi.h
configure:7315: arm-linux-gcc -c -g -O2 -I/home/tonyho/tq2440/MP3/alsa-lib-1.0.27/libout/include  conftest.c >&5
configure:7315: $? = 0
configure:7315: result: yes
configure:7330: checking for alsa/seq.h
configure:7330: arm-linux-gcc -c -g -O2 -I/home/tonyho/tq2440/MP3/alsa-lib-1.0.27/libout/include  conftest.c >&5
configure:7330: $? = 0
configure:7330: result: yes
configure:7345: checking for samplerate.h
configure:7345: arm-linux-gcc -c -g -O2 -I/home/tonyho/tq2440/MP3/alsa-lib-1.0.27/libout/include  conftest.c >&5
conftest.c:19:24: error: samplerate.h: No such file or directory
configure:7345: $? = 1
configure: failed program was:
| /* confdefs.h */
| #define PACKAGE_NAME ""
| #define PACKAGE_TARNAME ""
| #define PACKAGE_VERSION ""
| #define PACKAGE_STRING ""
| #define PACKAGE_BUGREPORT ""
| #define PACKAGE_URL ""
| #define PACKAGE "alsa-utils"
| #define VERSION "1.0.27.2"
| #define ENABLE_NLS 1
| #define HAVE_GETTEXT 1
| #define HAVE_DCGETTEXT 1
| #define HAVE_LIBASOUND 1
| #define HAVE_ALSA_PCM_H 1
| #define HAVE_ALSA_MIXER_H 1
| #define HAVE_ALSA_RAWMIDI_H 1
| #define HAVE_ALSA_SEQ_H 1
| /* end confdefs.h.  */
| #include <samplerate.h>
| 
| #include <samplerate.h>
configure:7345: result: no
configure:7401: checking for librt
configure:7412: checking for clock_gettime in -lrt
configure:7437: arm-linux-gcc -o conftest -g -O2 -I/home/tonyho/tq2440/MP3/alsa-lib-1.0.27/libout/include    -L/home/tonyho/tq2440/MP3/alsa-lib-1.0.27/libout/lib conftest.c -lrt  -lasound -L/home/tonyho/tq2440/MP3/alsa-lib-1.0.27/libout/lib -lm -ldl -lpthread >&5
configure:7437: $? = 0
configure:7446: result: yes
configure:7598: checking for ANSI C header files
configure:7618: arm-linux-gcc -c -g -O2 -I/home/tonyho/tq2440/MP3/alsa-lib-1.0.27/libout/include  conftest.c >&5
configure:7618: $? = 0
configure:7702: result: yes
configure:8575: checking for an ANSI C-conforming const
configure:8641: arm-linux-gcc -c -g -O2 -I/home/tonyho/tq2440/MP3/alsa-lib-1.0.27/libout/include  conftest.c >&5
configure:8641: $? = 0
configure:8648: result: yes
configure:8656: checking for inline
configure:8672: arm-linux-gcc -c -g -O2 -I/home/tonyho/tq2440/MP3/alsa-lib-1.0.27/libout/include  conftest.c >&5
configure:8672: $? = 0
configure:8680: result: inline
configure:8698: checking whether time.h and sys/time.h may both be included
configure:8718: arm-linux-gcc -c -g -O2 -I/home/tonyho/tq2440/MP3/alsa-lib-1.0.27/libout/include  conftest.c >&5
configure:8718: $? = 0
configure:8725: result: yes
configure:8735: checking whether arm-linux-gcc needs -traditional
configure:8769: result: no
configure:8784: checking for special C compiler options needed for large files
configure:8829: result: no
configure:8835: checking for _FILE_OFFSET_BITS value needed for large files
configure:8860: arm-linux-gcc -c -g -O2 -I/home/tonyho/tq2440/MP3/alsa-lib-1.0.27/libout/include  conftest.c >&5
conftest.c:31: warning: left shift count >= width of type
conftest.c:31: warning: left shift count >= width of type
conftest.c:33: error: size of array 'off_t_is_large' is negative
configure:8860: $? = 1
configure: failed program was:
| /* confdefs.h */
| #define PACKAGE_NAME ""
| #define PACKAGE_TARNAME ""
| #define PACKAGE_VERSION ""
| #define PACKAGE_STRING ""
| #define PACKAGE_BUGREPORT ""
| #define PACKAGE_URL ""
| #define PACKAGE "alsa-utils"
| #define VERSION "1.0.27.2"
| #define ENABLE_NLS 1
| #define HAVE_GETTEXT 1
| #define HAVE_DCGETTEXT 1
| #define HAVE_LIBASOUND 1
| #define HAVE_ALSA_PCM_H 1
| #define HAVE_ALSA_MIXER_H 1
| #define HAVE_ALSA_RAWMIDI_H 1
| #define HAVE_ALSA_SEQ_H 1
| #define HAVE_LIBRT 1
| #define HAVE_CLOCK_GETTIME 1
| #define STDC_HEADERS 1
| #define SOUNDSDIR "/home/tonyho/tq2440/MP3/alsa-utils-1.0.27.2/binout/share/sounds/alsa"
| #define DATADIR "/home/tonyho/tq2440/MP3/alsa-utils-1.0.27.2/binout/share/alsa"
| #define TIME_WITH_SYS_TIME 1
| /* end confdefs.h.  */
| #include <sys/types.h>
|  /* Check that off_t can represent 2**63 - 1 correctly.
|     We can't simply define LARGE_OFF_T to be 9223372036854775807,
|     since some C++ compilers masquerading as C compilers
|     incorrectly reject 9223372036854775807.  */
| #define LARGE_OFF_T (((off_t) 1 << 62) - 1 + ((off_t) 1 << 62))
|   int off_t_is_large[(LARGE_OFF_T % 2147483629 == 721
| 		       && LARGE_OFF_T % 2147483647 == 1)
| 		      ? 1 : -1];
| int
| main ()
| {
| 
|   ;
|   return 0;
| }
configure:8884: arm-linux-gcc -c -g -O2 -I/home/tonyho/tq2440/MP3/alsa-lib-1.0.27/libout/include  conftest.c >&5
configure:8884: $? = 0
configure:8892: result: 64
configure:9159: checking that generated files are newer than configure
configure:9165: result: done
configure:9236: creating ./config.status

## ---------------------- ##
## Running config.status. ##
## ---------------------- ##

This file was extended by config.status, which was
generated by GNU Autoconf 2.69.  Invocation command line was

  CONFIG_FILES    = 
  CONFIG_HEADERS  = 
  CONFIG_LINKS    = 
  CONFIG_COMMANDS = 
  $ ./config.status 

on tonyho-Aspire

config.status:962: creating Makefile
config.status:962: creating alsactl/Makefile
config.status:962: creating alsactl/init/Makefile
config.status:962: creating alsamixer/Makefile
config.status:962: creating amidi/Makefile
config.status:962: creating amixer/Makefile
config.status:962: creating m4/Makefile
config.status:962: creating po/Makefile.in
config.status:962: creating alsaconf/alsaconf
config.status:962: creating alsaconf/Makefile
config.status:962: creating alsaconf/po/Makefile
config.status:1070: WARNING:  'alsaconf/po/Makefile.in' seems to ignore the --datarootdir setting
config.status:962: creating alsaucm/Makefile
config.status:962: creating aplay/Makefile
config.status:962: creating include/Makefile
config.status:962: creating iecset/Makefile
config.status:962: creating utils/Makefile
config.status:962: creating utils/alsa-utils.spec
config.status:962: creating seq/Makefile
config.status:962: creating seq/aconnect/Makefile
config.status:962: creating seq/aplaymidi/Makefile
config.status:962: creating seq/aseqdump/Makefile
config.status:962: creating seq/aseqnet/Makefile
config.status:962: creating speaker-test/Makefile
config.status:962: creating speaker-test/samples/Makefile
config.status:962: creating alsaloop/Makefile
config.status:962: creating include/aconfig.h
config.status:1143: include/aconfig.h is unchanged
config.status:1191: executing po-directories commands
config.status:1191: executing depfiles commands

## ---------------- ##
## Cache variables. ##
## ---------------- ##

ac_cv_build=x86_64-unknown-linux-gnu
ac_cv_c_compiler_gnu=yes
ac_cv_c_const=yes
ac_cv_c_inline=inline
ac_cv_env_CC_set=set
ac_cv_env_CC_value=arm-linux-gcc
ac_cv_env_CFLAGS_set=
ac_cv_env_CFLAGS_value=
ac_cv_env_CPPFLAGS_set=
ac_cv_env_CPPFLAGS_value=
ac_cv_env_CPP_set=
ac_cv_env_CPP_value=
ac_cv_env_LDFLAGS_set=
ac_cv_env_LDFLAGS_value=
ac_cv_env_LIBS_set=
ac_cv_env_LIBS_value=
ac_cv_env_NCURSESW_CFLAGS_set=
ac_cv_env_NCURSESW_CFLAGS_value=
ac_cv_env_NCURSESW_LIBS_set=
ac_cv_env_NCURSESW_LIBS_value=
ac_cv_env_NCURSES_CFLAGS_set=
ac_cv_env_NCURSES_CFLAGS_value=
ac_cv_env_NCURSES_LIBS_set=
ac_cv_env_NCURSES_LIBS_value=
ac_cv_env_PKG_CONFIG_LIBDIR_set=
ac_cv_env_PKG_CONFIG_LIBDIR_value=
ac_cv_env_PKG_CONFIG_PATH_set=
ac_cv_env_PKG_CONFIG_PATH_value=
ac_cv_env_PKG_CONFIG_set=
ac_cv_env_PKG_CONFIG_value=
ac_cv_env_build_alias_set=
ac_cv_env_build_alias_value=
ac_cv_env_host_alias_set=set
ac_cv_env_host_alias_value=arm-linux
ac_cv_env_target_alias_set=
ac_cv_env_target_alias_value=
ac_cv_func_snd_ctl_elem_add_enumerated=yes
ac_cv_header_alsa_mixer_h=yes
ac_cv_header_alsa_pcm_h=yes
ac_cv_header_alsa_rawmidi_h=yes
ac_cv_header_alsa_seq_h=yes
ac_cv_header_samplerate_h=no
ac_cv_header_stdc=yes
ac_cv_header_time=yes
ac_cv_host=arm-unknown-linux-gnu
ac_cv_lib_asound_snd_ctl_open=yes
ac_cv_lib_rt_clock_gettime=yes
ac_cv_objext=o
ac_cv_path_EGREP='/bin/grep -E'
ac_cv_path_GMSGFMT=/usr/bin/msgfmt
ac_cv_path_GREP=/bin/grep
ac_cv_path_MSGFMT=/usr/bin/msgfmt
ac_cv_path_MSGMERGE=/usr/bin/msgmerge
ac_cv_path_SED=/bin/sed
ac_cv_path_XGETTEXT=/usr/bin/xgettext
ac_cv_path_ac_pt_PKG_CONFIG=/usr/bin/pkg-config
ac_cv_path_install='/usr/bin/install -c'
ac_cv_path_mkdir=/bin/mkdir
ac_cv_prog_AWK=gawk
ac_cv_prog_CC=arm-linux-gcc
ac_cv_prog_CPP='arm-linux-gcc -E'
ac_cv_prog_STRIP=arm-linux-strip
ac_cv_prog_cc_c89=
ac_cv_prog_cc_g=yes
ac_cv_prog_gcc_traditional=no
ac_cv_prog_make_make_set=yes
ac_cv_sys_file_offset_bits=64
ac_cv_sys_largefile_CC=no
acl_cv_hardcode_direct=no
acl_cv_hardcode_libdir_flag_spec='${wl}-rpath ${wl}$libdir'
acl_cv_hardcode_libdir_separator=
acl_cv_hardcode_minus_L=no
acl_cv_libext=a
acl_cv_libname_spec='lib$name'
acl_cv_library_names_spec='$libname$shrext'
acl_cv_path_LD=/opt/EmbedSky/4.3.3/arm-none-linux-gnueabi/bin/ld
acl_cv_prog_gnu_ld=yes
acl_cv_rpath=done
acl_cv_shlibext=so
acl_cv_wl=-Wl,
am_cv_CC_dependencies_compiler_type=gcc3
gt_cv_func_CFLocaleCopyCurrent=no
gt_cv_func_CFPreferencesCopyAppValue=no
gt_cv_func_gnugettext1_libc=yes

## ----------------- ##
## Output variables. ##
## ----------------- ##

ACLOCAL='${SHELL} /home/tonyho/tq2440/MP3/alsa-utils-1.0.27.2/missing --run aclocal-1.12'
ALSACONF_FALSE='#'
ALSACONF_TRUE=''
ALSACTL_DAEMONSWITCH='/etc/alsa/state-daemon.conf'
ALSACTL_PIDFILE_DIR='/var/run'
ALSALOOP_FALSE='#'
ALSALOOP_TRUE=''
ALSAMIXER_FALSE=''
ALSAMIXER_TRUE='#'
ALSA_CFLAGS=' -I/home/tonyho/tq2440/MP3/alsa-lib-1.0.27/libout/include'
ALSA_LIBS=' -L/home/tonyho/tq2440/MP3/alsa-lib-1.0.27/libout/lib -lasound -lm -ldl -lpthread'
AMDEPBACKSLASH='\'
AMDEP_FALSE='#'
AMDEP_TRUE=''
AMTAR='$${TAR-tar}'
ASOUND_STATE_DIR='/var/lib/alsa'
AUTOCONF='${SHELL} /home/tonyho/tq2440/MP3/alsa-utils-1.0.27.2/missing --run autoconf'
AUTOHEADER='${SHELL} /home/tonyho/tq2440/MP3/alsa-utils-1.0.27.2/missing --run autoheader'
AUTOMAKE='${SHELL} /home/tonyho/tq2440/MP3/alsa-utils-1.0.27.2/missing --run automake-1.12'
AWK='gawk'
CC='arm-linux-gcc'
CCDEPMODE='depmode=gcc3'
CFLAGS='-g -O2 -I/home/tonyho/tq2440/MP3/alsa-lib-1.0.27/libout/include'
CPP='arm-linux-gcc -E'
CPPFLAGS=''
CURSESINC=''
CURSESLIB=''
CURSES_CFLAGS=''
CYGPATH_W='echo'
DEFS='-DHAVE_CONFIG_H'
DEPDIR='.deps'
ECHO_C=''
ECHO_N='-n'
ECHO_T=''
EGREP='/bin/grep -E'
EXEEXT=''
GETTEXT_MACRO_VERSION='0.18'
GMSGFMT='/usr/bin/msgfmt'
GMSGFMT_015='/usr/bin/msgfmt'
GREP='/bin/grep'
HAVE_MIXER_FALSE='#'
HAVE_MIXER_TRUE=''
HAVE_PCM_FALSE='#'
HAVE_PCM_TRUE=''
HAVE_RAWMIDI_FALSE='#'
HAVE_RAWMIDI_TRUE=''
HAVE_SAMPLERATE_FALSE=''
HAVE_SAMPLERATE_TRUE='#'
HAVE_SEQ_FALSE='#'
HAVE_SEQ_TRUE=''
HAVE_SYSTEMD_FALSE=''
HAVE_SYSTEMD_TRUE='#'
INSTALL_DATA='${INSTALL} -m 644'
INSTALL_PROGRAM='${INSTALL}'
INSTALL_SCRIPT='${INSTALL}'
INSTALL_STRIP_PROGRAM='$(install_sh) -c -s'
INTLLIBS=''
INTL_MACOSX_LIBS=''
LDFLAGS='  -L/home/tonyho/tq2440/MP3/alsa-lib-1.0.27/libout/lib'
LIBICONV='-liconv'
LIBINTL=''
LIBOBJS=''
LIBRT='-lrt'
LIBS='-lasound -L/home/tonyho/tq2440/MP3/alsa-lib-1.0.27/libout/lib -lm -ldl -lpthread'
LN_S='ln -s'
LTLIBICONV='-liconv'
LTLIBINTL=''
LTLIBOBJS=''
MAINT=''
MAINTAINER_MODE_FALSE='#'
MAINTAINER_MODE_TRUE=''
MAKEINFO='${SHELL} /home/tonyho/tq2440/MP3/alsa-utils-1.0.27.2/missing --run makeinfo'
MKDIR_P='/bin/mkdir -p'
MSGFMT='/usr/bin/msgfmt'
MSGFMT_015='/usr/bin/msgfmt'
MSGMERGE='/usr/bin/msgmerge'
NCURSESW_CFLAGS=''
NCURSESW_LIBS=''
NCURSES_CFLAGS=''
NCURSES_LIBS=''
OBJEXT='o'
PACKAGE='alsa-utils'
PACKAGE_BUGREPORT=''
PACKAGE_NAME=''
PACKAGE_STRING=''
PACKAGE_TARNAME=''
PACKAGE_URL=''
PACKAGE_VERSION=''
PATH_SEPARATOR=':'
PKG_CONFIG='/usr/bin/pkg-config'
PKG_CONFIG_LIBDIR=''
PKG_CONFIG_PATH=''
POSUB='po'
SED='/bin/sed'
SET_MAKE=''
SHELL='/bin/sh'
SND_UTIL_MAJOR='1'
SND_UTIL_MINOR='0'
SND_UTIL_SUBMINOR='27'
SND_UTIL_VERSION='1.0.27.2'
STRIP='arm-linux-strip'
TESTSOUND='/home/tonyho/tq2440/MP3/alsa-utils-1.0.27.2/binout/share/test.wav'
USE_NLS='yes'
USE_XMLTO_FALSE=''
USE_XMLTO_TRUE='#'
VERSION='1.0.27.2'
XGETTEXT='/usr/bin/xgettext'
XGETTEXT_015='/usr/bin/xgettext'
XGETTEXT_EXTRA_OPTIONS=''
ac_ct_CC=''
am__EXEEXT_FALSE=''
am__EXEEXT_TRUE='#'
am__fastdepCC_FALSE='#'
am__fastdepCC_TRUE=''
am__include='include'
am__isrc=''
am__leading_dot='.'
am__nodep='_no'
am__quote=''
am__tar='$${TAR-tar} chof - "$$tardir"'
am__untar='$${TAR-tar} xf -'
bindir='${exec_prefix}/bin'
build='x86_64-unknown-linux-gnu'
build_alias=''
build_cpu='x86_64'
build_os='linux-gnu'
build_vendor='unknown'
datadir='${datarootdir}'
datarootdir='${prefix}/share'
docdir='${datarootdir}/doc/${PACKAGE}'
dvidir='${docdir}'
exec_prefix='${prefix}'
host='arm-unknown-linux-gnu'
host_alias='arm-linux'
host_cpu='arm'
host_os='linux-gnu'
host_vendor='unknown'
htmldir='${docdir}'
includedir='${prefix}/include'
infodir='${datarootdir}/info'
install_sh='${SHELL} /home/tonyho/tq2440/MP3/alsa-utils-1.0.27.2/install-sh'
libdir='${exec_prefix}/lib'
libexecdir='${exec_prefix}/libexec'
localedir='${datarootdir}/locale'
localstatedir='${prefix}/var'
mandir='${datarootdir}/man'
mkdir_p='/bin/mkdir -p'
ncurses5_config=''
ncursesw5_config=''
oldincludedir='/usr/include'
pdfdir='${docdir}'
prefix='/home/tonyho/tq2440/MP3/alsa-utils-1.0.27.2/binout'
program_transform_name='s,x,x,'
psdir='${docdir}'
sbindir='${exec_prefix}/sbin'
sharedstatedir='${prefix}/com'
sysconfdir='${prefix}/etc'
systemdsystemunitdir=''
target_alias=''
udevrulesdir='/lib/udev/rules.d'
xmlto='no'

## ----------- ##
## confdefs.h. ##
## ----------- ##

/* confdefs.h */
#define PACKAGE_NAME ""
#define PACKAGE_TARNAME ""
#define PACKAGE_VERSION ""
#define PACKAGE_STRING ""
#define PACKAGE_BUGREPORT ""
#define PACKAGE_URL ""
#define PACKAGE "alsa-utils"
#define VERSION "1.0.27.2"
#define ENABLE_NLS 1
#define HAVE_GETTEXT 1
#define HAVE_DCGETTEXT 1
#define HAVE_LIBASOUND 1
#define HAVE_ALSA_PCM_H 1
#define HAVE_ALSA_MIXER_H 1
#define HAVE_ALSA_RAWMIDI_H 1
#define HAVE_ALSA_SEQ_H 1
#define HAVE_LIBRT 1
#define HAVE_CLOCK_GETTIME 1
#define STDC_HEADERS 1
#define SOUNDSDIR "/home/tonyho/tq2440/MP3/alsa-utils-1.0.27.2/binout/share/sounds/alsa"
#define DATADIR "/home/tonyho/tq2440/MP3/alsa-utils-1.0.27.2/binout/share/alsa"
#define TIME_WITH_SYS_TIME 1
#define _FILE_OFFSET_BITS 64
#define VERSION "1.0.27.2"

configure: exit 0
