This file contains any messages produced by compilers while
running configure, to aid debugging if configure makes a mistake.

It was created by configure, which was
generated by GNU Autoconf 2.69.  Invocation command line was

  $ ./configure --prefix=/home/tonyho/tq2440/MP3/alsa-lib-1.0.27/libout CC=arm-linux-gcc --host=arm-linux --disable-python

## --------- ##
## Platform. ##
## --------- ##

hostname = tonyho-Aspire
uname -m = x86_64
uname -r = 3.2.0-48-generic
uname -s = Linux
uname -v = #74-Ubuntu SMP Thu Jun 6 19:43:26 UTC 2013

/usr/bin/uname -p = unknown
/bin/uname -X     = unknown

/bin/arch              = unknown
/usr/bin/arch -k       = unknown
/usr/convex/getsysinfo = unknown
/usr/bin/hostinfo      = unknown
/bin/machine           = unknown
/usr/bin/oslevel       = unknown
/bin/universe          = unknown

PATH: /home/tonyho/CodeSourcery/Sourcery_CodeBench_Lite_for_ARM_GNU_Linux/bin
PATH: /home/tonyho/.nix-profile/bin
PATH: /usr/lib/lightdm/lightdm
PATH: /usr/local/sbin
PATH: /usr/local/bin
PATH: /usr/sbin
PATH: /usr/bin
PATH: /sbin
PATH: /bin
PATH: /usr/games
PATH: /opt/EmbedSky/4.3.3/bin
PATH: /opt/EmbedSky/crosstools_3.4.5_softfloat/gcc-3.4.5-glibc-2.3.6/arm-linux/bin


## ----------- ##
## Core tests. ##
## ----------- ##

configure:2406: checking build system type
configure:2420: result: x86_64-unknown-linux-gnu
configure:2440: checking host system type
configure:2453: result: arm-unknown-linux-gnu
configure:2489: checking for a BSD-compatible install
configure:2557: result: /usr/bin/install -c
configure:2568: checking whether build environment is sane
configure:2623: result: yes
configure:2682: checking for arm-linux-strip
configure:2698: found /opt/EmbedSky/4.3.3/bin/arm-linux-strip
configure:2709: result: arm-linux-strip
configure:2774: checking for a thread-safe mkdir -p
configure:2813: result: /bin/mkdir -p
configure:2820: checking for gawk
configure:2836: found /usr/bin/gawk
configure:2847: result: gawk
configure:2858: checking whether make sets $(MAKE)
configure:2880: result: yes
configure:2989: checking whether make supports nested variables
configure:3006: result: yes
configure:3047: checking for arm-linux-gcc
configure:3074: result: arm-linux-gcc
configure:3343: checking for C compiler version
configure:3352: arm-linux-gcc --version >&5
arm-none-linux-gnueabi-gcc (Sourcery G++ Lite 2009q1-176) 4.3.3
Copyright (C) 2008 Free Software Foundation, Inc.
This is free software; see the source for copying conditions.  There is NO
warranty; not even for MERCHANTABILITY or FITNESS FOR A PARTICULAR PURPOSE.

configure:3363: $? = 0
configure:3352: arm-linux-gcc -v >&5
Using built-in specs.
Target: arm-none-linux-gnueabi
Configured with: /scratch/maxim/arm-lite/src-4.3-arm-none-linux-gnueabi-lite/gcc-4.3/configure --build=i686-pc-linux-gnu --host=i686-pc-linux-gnu --target=arm-none-linux-gnueabi --enable-threads --disable-libmudflap --disable-libssp --disable-libstdcxx-pch --with-gnu-as --with-gnu-ld --with-specs='%{funwind-tables|fno-unwind-tables|mabi=*|ffreestanding|nostdlib:;:-funwind-tables}' --enable-languages=c,c++ --enable-shared --enable-symvers=gnu --enable-__cxa_atexit --with-pkgversion='Sourcery G++ Lite 2009q1-176' --with-bugurl=https://support.codesourcery.com/GNUToolchain/ --disable-nls --prefix=/opt/codesourcery --with-sysroot=/opt/codesourcery/arm-none-linux-gnueabi/libc --with-build-sysroot=/scratch/maxim/arm-lite/install-4.3-arm-none-linux-gnueabi-lite/arm-none-linux-gnueabi/libc --with-gmp=/scratch/maxim/arm-lite/obj-4.3-arm-none-linux-gnueabi-lite/host-libs-2009q1-176-arm-none-linux-gnueabi-i686-pc-linux-gnu/usr --with-mpfr=/scratch/maxim/arm-lite/obj-4.3-arm-none-linux-gnueabi-lite/host-libs-2009q1-176-arm-none-linux-gnueabi-i686-pc-linux-gnu/usr --disable-libgomp --enable-poison-system-directories --with-build-time-tools=/scratch/maxim/arm-lite/install-4.3-arm-none-linux-gnueabi-lite/arm-none-linux-gnueabi/bin --with-build-time-tools=/scratch/maxim/arm-lite/install-4.3-arm-none-linux-gnueabi-lite/arm-none-linux-gnueabi/bin
Thread model: posix
gcc version 4.3.3 (Sourcery G++ Lite 2009q1-176) 
configure:3363: $? = 0
configure:3352: arm-linux-gcc -V >&5
arm-none-linux-gnueabi-gcc: '-V' must come at the start of the command line
configure:3363: $? = 1
configure:3352: arm-linux-gcc -qversion >&5
arm-none-linux-gnueabi-gcc: unrecognized option '-qversion'
arm-none-linux-gnueabi-gcc: no input files
configure:3363: $? = 1
configure:3383: checking whether the C compiler works
configure:3405: arm-linux-gcc  -D_GNU_SOURCE   conftest.c  >&5
configure:3409: $? = 0
configure:3457: result: yes
configure:3460: checking for C compiler default output file name
configure:3462: result: a.out
configure:3468: checking for suffix of executables
configure:3475: arm-linux-gcc -o conftest  -D_GNU_SOURCE   conftest.c  >&5
configure:3479: $? = 0
configure:3501: result: 
configure:3523: checking whether we are cross compiling
configure:3531: arm-linux-gcc -o conftest  -D_GNU_SOURCE   conftest.c  >&5
configure:3535: $? = 0
configure:3542: ./conftest
/lib/ld-linux.so.3: No such file or directory
configure:3546: $? = 255
configure:3561: result: yes
configure:3566: checking for suffix of object files
configure:3588: arm-linux-gcc -c  -D_GNU_SOURCE  conftest.c >&5
configure:3592: $? = 0
configure:3613: result: o
configure:3617: checking whether we are using the GNU C compiler
configure:3636: arm-linux-gcc -c  -D_GNU_SOURCE  conftest.c >&5
configure:3636: $? = 0
configure:3645: result: yes
configure:3654: checking whether arm-linux-gcc accepts -g
configure:3674: arm-linux-gcc -c -g  conftest.c >&5
configure:3674: $? = 0
configure:3715: result: yes
configure:3732: checking for arm-linux-gcc option to accept ISO C89
configure:3795: arm-linux-gcc  -c  -D_GNU_SOURCE  conftest.c >&5
configure:3795: $? = 0
configure:3808: result: none needed
configure:3839: checking for style of include used by make
configure:3867: result: GNU
configure:3893: checking dependency style of arm-linux-gcc
configure:4004: result: gcc3
configure:4024: checking how to run the C preprocessor
configure:4055: arm-linux-gcc -E  conftest.c
configure:4055: $? = 0
configure:4069: arm-linux-gcc -E  conftest.c
conftest.c:11:28: error: ac_nonexistent.h: No such file or directory
configure:4069: $? = 1
configure: failed program was:
| /* confdefs.h */
| #define PACKAGE_NAME ""
| #define PACKAGE_TARNAME ""
| #define PACKAGE_VERSION ""
| #define PACKAGE_STRING ""
| #define PACKAGE_BUGREPORT ""
| #define PACKAGE_URL ""
| #define PACKAGE "alsa-lib"
| #define VERSION "1.0.27"
| /* end confdefs.h.  */
| #include <ac_nonexistent.h>
configure:4094: result: arm-linux-gcc -E
configure:4114: arm-linux-gcc -E  conftest.c
configure:4114: $? = 0
configure:4128: arm-linux-gcc -E  conftest.c
conftest.c:11:28: error: ac_nonexistent.h: No such file or directory
configure:4128: $? = 1
configure: failed program was:
| /* confdefs.h */
| #define PACKAGE_NAME ""
| #define PACKAGE_TARNAME ""
| #define PACKAGE_VERSION ""
| #define PACKAGE_STRING ""
| #define PACKAGE_BUGREPORT ""
| #define PACKAGE_URL ""
| #define PACKAGE "alsa-lib"
| #define VERSION "1.0.27"
| /* end confdefs.h.  */
| #include <ac_nonexistent.h>
configure:4157: checking whether ln -s works
configure:4161: result: yes
configure:4249: checking how to print strings
configure:4276: result: printf
configure:4297: checking for a sed that does not truncate output
configure:4361: result: /bin/sed
configure:4379: checking for grep that handles long lines and -e
configure:4437: result: /bin/grep
configure:4442: checking for egrep
configure:4504: result: /bin/grep -E
configure:4509: checking for fgrep
configure:4571: result: /bin/grep -F
configure:4606: checking for ld used by arm-linux-gcc
configure:4673: result: /opt/EmbedSky/4.3.3/arm-none-linux-gnueabi/bin/ld
configure:4680: checking if the linker (/opt/EmbedSky/4.3.3/arm-none-linux-gnueabi/bin/ld) is GNU ld
configure:4695: result: yes
configure:4707: checking for BSD- or MS-compatible name lister (nm)
configure:4756: result: /opt/EmbedSky/4.3.3/bin/arm-linux-nm -B
configure:4886: checking the name lister (/opt/EmbedSky/4.3.3/bin/arm-linux-nm -B) interface
configure:4893: arm-linux-gcc -c  -D_GNU_SOURCE  conftest.c >&5
configure:4896: /opt/EmbedSky/4.3.3/bin/arm-linux-nm -B "conftest.o"
configure:4899: output
00000000 B some_variable
configure:4906: result: BSD nm
configure:4910: checking the maximum length of command line arguments
configure:5040: result: 32768
configure:5057: checking whether the shell understands some XSI constructs
configure:5067: result: yes
configure:5071: checking whether the shell understands "+="
configure:5077: result: yes
configure:5112: checking how to convert x86_64-unknown-linux-gnu file names to arm-unknown-linux-gnu format
configure:5152: result: func_convert_file_noop
configure:5159: checking how to convert x86_64-unknown-linux-gnu file names to toolchain format
configure:5179: result: func_convert_file_noop
configure:5186: checking for /opt/EmbedSky/4.3.3/arm-none-linux-gnueabi/bin/ld option to reload object files
configure:5193: result: -r
configure:5227: checking for arm-linux-objdump
configure:5243: found /opt/EmbedSky/4.3.3/bin/arm-linux-objdump
configure:5254: result: arm-linux-objdump
configure:5326: checking how to recognize dependent libraries
configure:5528: result: pass_all
configure:5573: checking for arm-linux-dlltool
configure:5603: result: no
configure:5613: checking for dlltool
configure:5643: result: no
configure:5673: checking how to associate runtime and link libraries
configure:5700: result: printf %s\n
configure:5717: checking for arm-linux-ar
configure:5733: found /opt/EmbedSky/4.3.3/bin/arm-linux-ar
configure:5744: result: arm-linux-ar
configure:5825: checking for archiver @FILE support
configure:5842: arm-linux-gcc -c  -D_GNU_SOURCE  conftest.c >&5
configure:5842: $? = 0
configure:5845: arm-linux-ar cru libconftest.a @conftest.lst >&5
configure:5848: $? = 0
configure:5853: arm-linux-ar cru libconftest.a @conftest.lst >&5
arm-linux-ar: conftest.o: No such file or directory
configure:5856: $? = 1
configure:5868: result: @
configure:5886: checking for arm-linux-strip
configure:5913: result: arm-linux-strip
configure:5985: checking for arm-linux-ranlib
configure:6001: found /opt/EmbedSky/4.3.3/bin/arm-linux-ranlib
configure:6012: result: arm-linux-ranlib
configure:6154: checking command to parse /opt/EmbedSky/4.3.3/bin/arm-linux-nm -B output from arm-linux-gcc object
configure:6274: arm-linux-gcc -c  -D_GNU_SOURCE  conftest.c >&5
configure:6277: $? = 0
configure:6281: /opt/EmbedSky/4.3.3/bin/arm-linux-nm -B conftest.o \| sed -n -e 's/^.*[ ]\([ABCDGIRSTW][ABCDGIRSTW]*\)[ ][ ]*\([_A-Za-z][_A-Za-z0-9]*\)$/\1 \2 \2/p' | sed '/ __gnu_lto/d' \> conftest.nm
configure:6284: $? = 0
configure:6350: arm-linux-gcc -o conftest  -D_GNU_SOURCE   conftest.c conftstm.o >&5
configure:6353: $? = 0
configure:6391: result: ok
configure:6428: checking for sysroot
configure:6458: result: no
configure:6674: checking for arm-linux-mt
configure:6704: result: no
configure:6714: checking for mt
configure:6730: found /bin/mt
configure:6741: result: mt
configure:6753: WARNING: using cross tools not prefixed with host triplet
configure:6764: checking if mt is a manifest tool
configure:6770: mt '-?'
configure:6778: result: no
configure:7416: checking for ANSI C header files
configure:7436: arm-linux-gcc -c  -D_GNU_SOURCE  conftest.c >&5
configure:7436: $? = 0
configure:7520: result: yes
configure:7533: checking for sys/types.h
configure:7533: arm-linux-gcc -c  -D_GNU_SOURCE  conftest.c >&5
configure:7533: $? = 0
configure:7533: result: yes
configure:7533: checking for sys/stat.h
configure:7533: arm-linux-gcc -c  -D_GNU_SOURCE  conftest.c >&5
configure:7533: $? = 0
configure:7533: result: yes
configure:7533: checking for stdlib.h
configure:7533: arm-linux-gcc -c  -D_GNU_SOURCE  conftest.c >&5
configure:7533: $? = 0
configure:7533: result: yes
configure:7533: checking for string.h
configure:7533: arm-linux-gcc -c  -D_GNU_SOURCE  conftest.c >&5
configure:7533: $? = 0
configure:7533: result: yes
configure:7533: checking for memory.h
configure:7533: arm-linux-gcc -c  -D_GNU_SOURCE  conftest.c >&5
configure:7533: $? = 0
configure:7533: result: yes
configure:7533: checking for strings.h
configure:7533: arm-linux-gcc -c  -D_GNU_SOURCE  conftest.c >&5
configure:7533: $? = 0
configure:7533: result: yes
configure:7533: checking for inttypes.h
configure:7533: arm-linux-gcc -c  -D_GNU_SOURCE  conftest.c >&5
configure:7533: $? = 0
configure:7533: result: yes
configure:7533: checking for stdint.h
configure:7533: arm-linux-gcc -c  -D_GNU_SOURCE  conftest.c >&5
configure:7533: $? = 0
configure:7533: result: yes
configure:7533: checking for unistd.h
configure:7533: arm-linux-gcc -c  -D_GNU_SOURCE  conftest.c >&5
configure:7533: $? = 0
configure:7533: result: yes
configure:7547: checking for dlfcn.h
configure:7547: arm-linux-gcc -c  -D_GNU_SOURCE  conftest.c >&5
configure:7547: $? = 0
configure:7547: result: yes
configure:7721: checking for objdir
configure:7736: result: .libs
configure:8003: checking if arm-linux-gcc supports -fno-rtti -fno-exceptions
configure:8021: arm-linux-gcc -c  -D_GNU_SOURCE  -fno-rtti -fno-exceptions conftest.c >&5
cc1: warning: command line option "-fno-rtti" is valid for C++/ObjC++ but not for C
configure:8025: $? = 0
configure:8038: result: no
configure:8365: checking for arm-linux-gcc option to produce PIC
configure:8372: result: -fPIC -DPIC
configure:8380: checking if arm-linux-gcc PIC flag -fPIC -DPIC works
configure:8398: arm-linux-gcc -c  -D_GNU_SOURCE  -fPIC -DPIC -DPIC conftest.c >&5
configure:8402: $? = 0
configure:8415: result: yes
configure:8444: checking if arm-linux-gcc static flag -static works
configure:8472: result: yes
configure:8487: checking if arm-linux-gcc supports -c -o file.o
configure:8508: arm-linux-gcc -c  -D_GNU_SOURCE  -o out/conftest2.o conftest.c >&5
configure:8512: $? = 0
configure:8534: result: yes
configure:8542: checking if arm-linux-gcc supports -c -o file.o
configure:8589: result: yes
configure:8622: checking whether the arm-linux-gcc linker (/opt/EmbedSky/4.3.3/arm-none-linux-gnueabi/bin/ld) supports shared libraries
configure:9775: result: yes
configure:9812: checking whether -lc should be explicitly linked in
configure:9820: arm-linux-gcc -c  -D_GNU_SOURCE  conftest.c >&5
configure:9823: $? = 0
configure:9838: arm-linux-gcc -shared  -fPIC -DPIC conftest.o  -v -Wl,-soname -Wl,conftest -o conftest 2\>\&1 \| /bin/grep  -lc  \>/dev/null 2\>\&1
configure:9841: $? = 0
configure:9855: result: no
configure:10015: checking dynamic linker characteristics
configure:10526: arm-linux-gcc -o conftest  -D_GNU_SOURCE   -Wl,-rpath -Wl,/foo conftest.c  >&5
configure:10526: $? = 0
configure:10752: result: GNU/Linux ld.so
configure:10859: checking how to hardcode library paths into programs
configure:10884: result: immediate
configure:10978: checking for shl_load
configure:10978: arm-linux-gcc -o conftest  -D_GNU_SOURCE   conftest.c  >&5
/tmp/ccAWrZbE.o: In function `main':
conftest.c:(.text+0x8): undefined reference to `shl_load'
collect2: ld returned 1 exit status
configure:10978: $? = 1
configure: failed program was:
| /* confdefs.h */
| #define PACKAGE_NAME ""
| #define PACKAGE_TARNAME ""
| #define PACKAGE_VERSION ""
| #define PACKAGE_STRING ""
| #define PACKAGE_BUGREPORT ""
| #define PACKAGE_URL ""
| #define PACKAGE "alsa-lib"
| #define VERSION "1.0.27"
| #define STDC_HEADERS 1
| #define HAVE_SYS_TYPES_H 1
| #define HAVE_SYS_STAT_H 1
| #define HAVE_STDLIB_H 1
| #define HAVE_STRING_H 1
| #define HAVE_MEMORY_H 1
| #define HAVE_STRINGS_H 1
| #define HAVE_INTTYPES_H 1
| #define HAVE_STDINT_H 1
| #define HAVE_UNISTD_H 1
| #define HAVE_DLFCN_H 1
| #define LT_OBJDIR ".libs/"
| /* end confdefs.h.  */
| /* Define shl_load to an innocuous variant, in case <limits.h> declares shl_load.
|    For example, HP-UX 11i <limits.h> declares gettimeofday.  */
| #define shl_load innocuous_shl_load
| 
| /* System header to define __stub macros and hopefully few prototypes,
|     which can conflict with char shl_load (); below.
|     Prefer <limits.h> to <assert.h> if __STDC__ is defined, since
|     <limits.h> exists even on freestanding compilers.  */
| 
| #ifdef __STDC__
| # include <limits.h>
| #else
| # include <assert.h>
| #endif
| 
| #undef shl_load
| 
| /* Override any GCC internal prototype to avoid an error.
|    Use char because int might match the return type of a GCC
|    builtin and then its argument prototype would still apply.  */
| #ifdef __cplusplus
| extern "C"
| #endif
| char shl_load ();
| /* The GNU C library defines this for functions which it implements
|     to always fail with ENOSYS.  Some functions are actually named
|     something starting with __ and the normal name is an alias.  */
| #if defined __stub_shl_load || defined __stub___shl_load
| choke me
| #endif
| 
| int
| main ()
| {
| return shl_load ();
|   ;
|   return 0;
| }
configure:10978: result: no
configure:10982: checking for shl_load in -ldld
configure:11007: arm-linux-gcc -o conftest  -D_GNU_SOURCE   conftest.c -ldld   >&5
/opt/EmbedSky/4.3.3/bin/../lib/gcc/arm-none-linux-gnueabi/4.3.3/../../../../arm-none-linux-gnueabi/bin/ld: cannot find -ldld
collect2: ld returned 1 exit status
configure:11007: $? = 1
configure: failed program was:
| /* confdefs.h */
| #define PACKAGE_NAME ""
| #define PACKAGE_TARNAME ""
| #define PACKAGE_VERSION ""
| #define PACKAGE_STRING ""
| #define PACKAGE_BUGREPORT ""
| #define PACKAGE_URL ""
| #define PACKAGE "alsa-lib"
| #define VERSION "1.0.27"
| #define STDC_HEADERS 1
| #define HAVE_SYS_TYPES_H 1
| #define HAVE_SYS_STAT_H 1
| #define HAVE_STDLIB_H 1
| #define HAVE_STRING_H 1
| #define HAVE_MEMORY_H 1
| #define HAVE_STRINGS_H 1
| #define HAVE_INTTYPES_H 1
| #define HAVE_STDINT_H 1
| #define HAVE_UNISTD_H 1
| #define HAVE_DLFCN_H 1
| #define LT_OBJDIR ".libs/"
| /* end confdefs.h.  */
| 
| /* Override any GCC internal prototype to avoid an error.
|    Use char because int might match the return type of a GCC
|    builtin and then its argument prototype would still apply.  */
| #ifdef __cplusplus
| extern "C"
| #endif
| char shl_load ();
| int
| main ()
| {
| return shl_load ();
|   ;
|   return 0;
| }
configure:11016: result: no
configure:11021: checking for dlopen
configure:11021: arm-linux-gcc -o conftest  -D_GNU_SOURCE   conftest.c  >&5
/tmp/ccwegLXS.o: In function `main':
conftest.c:(.text+0x8): undefined reference to `dlopen'
collect2: ld returned 1 exit status
configure:11021: $? = 1
configure: failed program was:
| /* confdefs.h */
| #define PACKAGE_NAME ""
| #define PACKAGE_TARNAME ""
| #define PACKAGE_VERSION ""
| #define PACKAGE_STRING ""
| #define PACKAGE_BUGREPORT ""
| #define PACKAGE_URL ""
| #define PACKAGE "alsa-lib"
| #define VERSION "1.0.27"
| #define STDC_HEADERS 1
| #define HAVE_SYS_TYPES_H 1
| #define HAVE_SYS_STAT_H 1
| #define HAVE_STDLIB_H 1
| #define HAVE_STRING_H 1
| #define HAVE_MEMORY_H 1
| #define HAVE_STRINGS_H 1
| #define HAVE_INTTYPES_H 1
| #define HAVE_STDINT_H 1
| #define HAVE_UNISTD_H 1
| #define HAVE_DLFCN_H 1
| #define LT_OBJDIR ".libs/"
| /* end confdefs.h.  */
| /* Define dlopen to an innocuous variant, in case <limits.h> declares dlopen.
|    For example, HP-UX 11i <limits.h> declares gettimeofday.  */
| #define dlopen innocuous_dlopen
| 
| /* System header to define __stub macros and hopefully few prototypes,
|     which can conflict with char dlopen (); below.
|     Prefer <limits.h> to <assert.h> if __STDC__ is defined, since
|     <limits.h> exists even on freestanding compilers.  */
| 
| #ifdef __STDC__
| # include <limits.h>
| #else
| # include <assert.h>
| #endif
| 
| #undef dlopen
| 
| /* Override any GCC internal prototype to avoid an error.
|    Use char because int might match the return type of a GCC
|    builtin and then its argument prototype would still apply.  */
| #ifdef __cplusplus
| extern "C"
| #endif
| char dlopen ();
| /* The GNU C library defines this for functions which it implements
|     to always fail with ENOSYS.  Some functions are actually named
|     something starting with __ and the normal name is an alias.  */
| #if defined __stub_dlopen || defined __stub___dlopen
| choke me
| #endif
| 
| int
| main ()
| {
| return dlopen ();
|   ;
|   return 0;
| }
configure:11021: result: no
configure:11025: checking for dlopen in -ldl
configure:11050: arm-linux-gcc -o conftest  -D_GNU_SOURCE   conftest.c -ldl   >&5
configure:11050: $? = 0
configure:11059: result: yes
configure:11178: checking whether a program can dlopen itself
configure:11279: result: cross
configure:11424: checking whether stripping libraries is possible
configure:11429: result: yes
configure:11464: checking if libtool supports shared libraries
configure:11466: result: yes
configure:11469: checking whether to build shared libraries
configure:11490: result: yes
configure:11493: checking whether to build static libraries
configure:11497: result: no
configure:11537: checking for ANSI C header files
configure:11641: result: yes
configure:11652: checking for an ANSI C-conforming const
configure:11718: arm-linux-gcc -c  -D_GNU_SOURCE  conftest.c >&5
configure:11718: $? = 0
configure:11725: result: yes
configure:11733: checking for inline
configure:11749: arm-linux-gcc -c  -D_GNU_SOURCE  conftest.c >&5
configure:11749: $? = 0
configure:11757: result: inline
configure:11775: checking whether time.h and sys/time.h may both be included
configure:11795: arm-linux-gcc -c  -D_GNU_SOURCE  conftest.c >&5
configure:11795: $? = 0
configure:11802: result: yes
configure:11812: checking whether arm-linux-gcc needs -traditional
configure:11846: result: no
configure:11853: checking for hsearch_r
configure:11853: arm-linux-gcc -o conftest  -D_GNU_SOURCE   conftest.c  >&5
configure:11853: $? = 0
configure:11853: result: yes
configure:11868: checking for uselocale
configure:11868: arm-linux-gcc -o conftest  -D_GNU_SOURCE   conftest.c  >&5
configure:11868: $? = 0
configure:11868: result: yes
configure:11879: checking for library version
configure:11904: result: major 1 minor 0 subminor 27 extrastr  extraver 1000000
configure:11995: checking for versioned symbols
configure:12022: result: yes
configure:12041: checking for symbolic-functions
configure:12060: result: no
configure:12072: checking for custom symbol prefixes
configure:12085: result: 
configure:12088: checking for debug
configure:12099: result: yes
configure:12110: checking for debug assert
configure:12126: result: no
configure:12131: checking for tmpdir
configure:12141: result: /tmp
configure:12149: checking for softfloat
configure:12167: result: no
configure:12176: checking for libdl
configure:12188: checking for dlsym in -ldl
configure:12213: arm-linux-gcc -o conftest  -D_GNU_SOURCE   conftest.c -ldl   >&5
configure:12213: $? = 0
configure:12222: result: yes
configure:12247: checking for pthread
configure:12258: checking for pthread_join in -lpthread
configure:12283: arm-linux-gcc -o conftest  -D_GNU_SOURCE   conftest.c -lpthread   >&5
configure:12283: $? = 0
configure:12292: result: yes
configure:12309: checking for __thread
configure:12324: arm-linux-gcc -o conftest  -D_GNU_SOURCE   conftest.c  >&5
configure:12324: $? = 0
configure:12328: result: yes
configure:12337: checking for librt
configure:12348: checking for clock_gettime in -lrt
configure:12373: arm-linux-gcc -o conftest  -D_GNU_SOURCE   conftest.c -lrt   >&5
configure:12373: $? = 0
configure:12382: result: yes
configure:12404: checking for architecture
configure:12435: result: arm
configure:12448: checking wordexp.h usability
configure:12448: arm-linux-gcc -c  -D_GNU_SOURCE  -D__arm__ conftest.c >&5
configure:12448: $? = 0
configure:12448: result: yes
configure:12448: checking wordexp.h presence
configure:12448: arm-linux-gcc -E  -D__arm__ conftest.c
configure:12448: $? = 0
configure:12448: result: yes
configure:12448: checking for wordexp.h
configure:12448: result: yes
configure:12459: checking for resmgr support
configure:12468: result: no
configure:12523: checking for aload* support
configure:12532: result: yes
configure:12540: checking for ALSA device file directory
configure:12558: result: /dev/snd/
configure:12561: checking for aload* device file directory
configure:12579: result: /dev/
configure:13286: checking that generated files are newer than configure
configure:13292: result: done
configure:13495: creating ./config.status

## ---------------------- ##
## Running config.status. ##
## ---------------------- ##

This file was extended by config.status, which was
generated by GNU Autoconf 2.69.  Invocation command line was

  CONFIG_FILES    = 
  CONFIG_HEADERS  = 
  CONFIG_LINKS    = 
  CONFIG_COMMANDS = 
  $ ./config.status 

on tonyho-Aspire

config.status:1247: creating Makefile
config.status:1247: creating doc/Makefile
config.status:1247: creating doc/pictures/Makefile
config.status:1247: creating doc/doxygen.cfg
config.status:1247: creating include/Makefile
config.status:1247: creating include/sound/Makefile
config.status:1247: creating src/Versions
config.status:1247: creating src/Makefile
config.status:1247: creating src/control/Makefile
config.status:1247: creating src/mixer/Makefile
config.status:1247: creating src/pcm/Makefile
config.status:1247: creating src/pcm/scopes/Makefile
config.status:1247: creating src/rawmidi/Makefile
config.status:1247: creating src/timer/Makefile
config.status:1247: creating src/hwdep/Makefile
config.status:1247: creating src/seq/Makefile
config.status:1247: creating src/ucm/Makefile
config.status:1247: creating src/compat/Makefile
config.status:1247: creating src/alisp/Makefile
config.status:1247: creating src/conf/Makefile
config.status:1247: creating src/conf/alsa.conf.d/Makefile
config.status:1247: creating src/conf/cards/Makefile
config.status:1247: creating src/conf/pcm/Makefile
config.status:1247: creating modules/Makefile
config.status:1247: creating modules/mixer/Makefile
config.status:1247: creating modules/mixer/simple/Makefile
config.status:1247: creating alsalisp/Makefile
config.status:1247: creating aserver/Makefile
config.status:1247: creating test/Makefile
config.status:1247: creating test/lsb/Makefile
config.status:1247: creating utils/Makefile
config.status:1247: creating utils/alsa-lib.spec
config.status:1247: creating utils/alsa.pc
config.status:1247: creating include/config.h
config.status:1428: include/config.h is unchanged
config.status:1476: executing depfiles commands
config.status:1476: executing libtool commands

## ---------------- ##
## Cache variables. ##
## ---------------- ##

ac_cv_build=x86_64-unknown-linux-gnu
ac_cv_c_compiler_gnu=yes
ac_cv_c_const=yes
ac_cv_c_inline=inline
ac_cv_env_CC_set=set
ac_cv_env_CC_value=arm-linux-gcc
ac_cv_env_CFLAGS_set=
ac_cv_env_CFLAGS_value=
ac_cv_env_CPPFLAGS_set=
ac_cv_env_CPPFLAGS_value=
ac_cv_env_CPP_set=
ac_cv_env_CPP_value=
ac_cv_env_LDFLAGS_set=
ac_cv_env_LDFLAGS_value=
ac_cv_env_LIBS_set=
ac_cv_env_LIBS_value=
ac_cv_env_build_alias_set=
ac_cv_env_build_alias_value=
ac_cv_env_host_alias_set=set
ac_cv_env_host_alias_value=arm-linux
ac_cv_env_target_alias_set=
ac_cv_env_target_alias_value=
ac_cv_func_dlopen=no
ac_cv_func_hsearch_r=yes
ac_cv_func_shl_load=no
ac_cv_func_uselocale=yes
ac_cv_header_dlfcn_h=yes
ac_cv_header_inttypes_h=yes
ac_cv_header_memory_h=yes
ac_cv_header_stdc=yes
ac_cv_header_stdint_h=yes
ac_cv_header_stdlib_h=yes
ac_cv_header_string_h=yes
ac_cv_header_strings_h=yes
ac_cv_header_sys_stat_h=yes
ac_cv_header_sys_types_h=yes
ac_cv_header_time=yes
ac_cv_header_unistd_h=yes
ac_cv_header_wordexp_h=yes
ac_cv_host=arm-unknown-linux-gnu
ac_cv_lib_dl_dlopen=yes
ac_cv_lib_dl_dlsym=yes
ac_cv_lib_dld_shl_load=no
ac_cv_lib_pthread_pthread_join=yes
ac_cv_lib_rt_clock_gettime=yes
ac_cv_objext=o
ac_cv_path_EGREP='/bin/grep -E'
ac_cv_path_FGREP='/bin/grep -F'
ac_cv_path_GREP=/bin/grep
ac_cv_path_SED=/bin/sed
ac_cv_path_install='/usr/bin/install -c'
ac_cv_path_mkdir=/bin/mkdir
ac_cv_prog_AR=arm-linux-ar
ac_cv_prog_AWK=gawk
ac_cv_prog_CC=arm-linux-gcc
ac_cv_prog_CPP='arm-linux-gcc -E'
ac_cv_prog_OBJDUMP=arm-linux-objdump
ac_cv_prog_RANLIB=arm-linux-ranlib
ac_cv_prog_STRIP=arm-linux-strip
ac_cv_prog_ac_ct_MANIFEST_TOOL=mt
ac_cv_prog_cc_c89=
ac_cv_prog_cc_g=yes
ac_cv_prog_gcc_traditional=no
ac_cv_prog_make_make_set=yes
am_cv_CC_dependencies_compiler_type=gcc3
am_cv_make_support_nested_variables=yes
lt_cv_ar_at_file=@
lt_cv_archive_cmds_need_lc=no
lt_cv_deplibs_check_method=pass_all
lt_cv_dlopen=dlopen
lt_cv_dlopen_libs=-ldl
lt_cv_dlopen_self=cross
lt_cv_file_magic_cmd='$MAGIC_CMD'
lt_cv_file_magic_test_file=
lt_cv_ld_reload_flag=-r
lt_cv_nm_interface='BSD nm'
lt_cv_objdir=.libs
lt_cv_path_LD=/opt/EmbedSky/4.3.3/arm-none-linux-gnueabi/bin/ld
lt_cv_path_NM='/opt/EmbedSky/4.3.3/bin/arm-linux-nm -B'
lt_cv_path_mainfest_tool=no
lt_cv_prog_compiler_c_o=yes
lt_cv_prog_compiler_pic='-fPIC -DPIC'
lt_cv_prog_compiler_pic_works=yes
lt_cv_prog_compiler_rtti_exceptions=no
lt_cv_prog_compiler_static_works=yes
lt_cv_prog_gnu_ld=yes
lt_cv_sharedlib_from_linklib_cmd='printf %s\n'
lt_cv_shlibpath_overrides_runpath=no
lt_cv_sys_global_symbol_pipe='sed -n -e '\''s/^.*[	 ]\([ABCDGIRSTW][ABCDGIRSTW]*\)[	 ][	 ]*\([_A-Za-z][_A-Za-z0-9]*\)$/\1 \2 \2/p'\'' | sed '\''/ __gnu_lto/d'\'''
lt_cv_sys_global_symbol_to_c_name_address='sed -n -e '\''s/^: \([^ ]*\)[ ]*$/  {\"\1\", (void *) 0},/p'\'' -e '\''s/^[ABCDGIRSTW]* \([^ ]*\) \([^ ]*\)$/  {"\2", (void *) \&\2},/p'\'''
lt_cv_sys_global_symbol_to_c_name_address_lib_prefix='sed -n -e '\''s/^: \([^ ]*\)[ ]*$/  {\"\1\", (void *) 0},/p'\'' -e '\''s/^[ABCDGIRSTW]* \([^ ]*\) \(lib[^ ]*\)$/  {"\2", (void *) \&\2},/p'\'' -e '\''s/^[ABCDGIRSTW]* \([^ ]*\) \([^ ]*\)$/  {"lib\2", (void *) \&\2},/p'\'''
lt_cv_sys_global_symbol_to_cdecl='sed -n -e '\''s/^T .* \(.*\)$/extern int \1();/p'\'' -e '\''s/^[ABCDGIRSTW]* .* \(.*\)$/extern char \1;/p'\'''
lt_cv_sys_max_cmd_len=32768
lt_cv_to_host_file_cmd=func_convert_file_noop
lt_cv_to_tool_file_cmd=func_convert_file_noop

## ----------------- ##
## Output variables. ##
## ----------------- ##

ACLOCAL='${SHELL} /home/tonyho/tq2440/MP3/alsa-lib-1.0.27/missing --run aclocal-1.12'
ALSA_CONFIG_DIR='/home/tonyho/tq2440/MP3/alsa-lib-1.0.27/libout/share/alsa'
ALSA_DEPLIBS='-lm -ldl -lpthread -lrt'
ALSA_HSEARCH_R_FALSE=''
ALSA_HSEARCH_R_TRUE='#'
ALSA_PKGCONF_DIR='/home/tonyho/tq2440/MP3/alsa-lib-1.0.27/libout/lib/pkgconfig'
ALSA_PLUGIN_DIR='/home/tonyho/tq2440/MP3/alsa-lib-1.0.27/libout/lib/alsa-lib'
AMDEPBACKSLASH='\'
AMDEP_FALSE='#'
AMDEP_TRUE=''
AMTAR='$${TAR-tar}'
AM_BACKSLASH='\'
AM_DEFAULT_V='$(AM_DEFAULT_VERBOSITY)'
AM_DEFAULT_VERBOSITY='0'
AM_V='$(V)'
AR='arm-linux-ar'
AUTOCONF='${SHELL} /home/tonyho/tq2440/MP3/alsa-lib-1.0.27/missing --run autoconf'
AUTOHEADER='${SHELL} /home/tonyho/tq2440/MP3/alsa-lib-1.0.27/missing --run autoheader'
AUTOMAKE='${SHELL} /home/tonyho/tq2440/MP3/alsa-lib-1.0.27/missing --run automake-1.12'
AWK='gawk'
BUILD_ALISP_FALSE='#'
BUILD_ALISP_TRUE=''
BUILD_CTL_PLUGIN_EXT_FALSE='#'
BUILD_CTL_PLUGIN_EXT_TRUE=''
BUILD_CTL_PLUGIN_FALSE='#'
BUILD_CTL_PLUGIN_SHM_FALSE='#'
BUILD_CTL_PLUGIN_SHM_TRUE=''
BUILD_CTL_PLUGIN_TRUE=''
BUILD_HWDEP_FALSE='#'
BUILD_HWDEP_TRUE=''
BUILD_MIXER_FALSE='#'
BUILD_MIXER_TRUE=''
BUILD_MODULES_FALSE='#'
BUILD_MODULES_TRUE=''
BUILD_PCM_FALSE='#'
BUILD_PCM_PLUGIN_ADPCM_FALSE='#'
BUILD_PCM_PLUGIN_ADPCM_TRUE=''
BUILD_PCM_PLUGIN_ALAW_FALSE='#'
BUILD_PCM_PLUGIN_ALAW_TRUE=''
BUILD_PCM_PLUGIN_ASYM_FALSE='#'
BUILD_PCM_PLUGIN_ASYM_TRUE=''
BUILD_PCM_PLUGIN_COPY_FALSE='#'
BUILD_PCM_PLUGIN_COPY_TRUE=''
BUILD_PCM_PLUGIN_DMIX_FALSE='#'
BUILD_PCM_PLUGIN_DMIX_TRUE=''
BUILD_PCM_PLUGIN_DSHARE_FALSE='#'
BUILD_PCM_PLUGIN_DSHARE_TRUE=''
BUILD_PCM_PLUGIN_DSNOOP_FALSE='#'
BUILD_PCM_PLUGIN_DSNOOP_TRUE=''
BUILD_PCM_PLUGIN_EMPTY_FALSE='#'
BUILD_PCM_PLUGIN_EMPTY_TRUE=''
BUILD_PCM_PLUGIN_EXTPLUG_FALSE='#'
BUILD_PCM_PLUGIN_EXTPLUG_TRUE=''
BUILD_PCM_PLUGIN_FALSE='#'
BUILD_PCM_PLUGIN_FILE_FALSE='#'
BUILD_PCM_PLUGIN_FILE_TRUE=''
BUILD_PCM_PLUGIN_HOOKS_FALSE='#'
BUILD_PCM_PLUGIN_HOOKS_TRUE=''
BUILD_PCM_PLUGIN_IEC958_FALSE='#'
BUILD_PCM_PLUGIN_IEC958_TRUE=''
BUILD_PCM_PLUGIN_IOPLUG_FALSE='#'
BUILD_PCM_PLUGIN_IOPLUG_TRUE=''
BUILD_PCM_PLUGIN_LADSPA_FALSE='#'
BUILD_PCM_PLUGIN_LADSPA_TRUE=''
BUILD_PCM_PLUGIN_LFLOAT_FALSE='#'
BUILD_PCM_PLUGIN_LFLOAT_TRUE=''
BUILD_PCM_PLUGIN_LINEAR_FALSE='#'
BUILD_PCM_PLUGIN_LINEAR_TRUE=''
BUILD_PCM_PLUGIN_METER_FALSE='#'
BUILD_PCM_PLUGIN_METER_TRUE=''
BUILD_PCM_PLUGIN_MMAP_EMUL_FALSE='#'
BUILD_PCM_PLUGIN_MMAP_EMUL_TRUE=''
BUILD_PCM_PLUGIN_MULAW_FALSE='#'
BUILD_PCM_PLUGIN_MULAW_TRUE=''
BUILD_PCM_PLUGIN_MULTI_FALSE='#'
BUILD_PCM_PLUGIN_MULTI_TRUE=''
BUILD_PCM_PLUGIN_NULL_FALSE='#'
BUILD_PCM_PLUGIN_NULL_TRUE=''
BUILD_PCM_PLUGIN_PLUG_FALSE='#'
BUILD_PCM_PLUGIN_PLUG_TRUE=''
BUILD_PCM_PLUGIN_RATE_FALSE='#'
BUILD_PCM_PLUGIN_RATE_TRUE=''
BUILD_PCM_PLUGIN_ROUTE_FALSE='#'
BUILD_PCM_PLUGIN_ROUTE_TRUE=''
BUILD_PCM_PLUGIN_SHARE_FALSE='#'
BUILD_PCM_PLUGIN_SHARE_TRUE=''
BUILD_PCM_PLUGIN_SHM_FALSE='#'
BUILD_PCM_PLUGIN_SHM_TRUE=''
BUILD_PCM_PLUGIN_SOFTVOL_FALSE='#'
BUILD_PCM_PLUGIN_SOFTVOL_TRUE=''
BUILD_PCM_PLUGIN_TRUE=''
BUILD_PCM_TRUE=''
BUILD_PYTHON_FALSE=''
BUILD_PYTHON_TRUE='#'
BUILD_RAWMIDI_FALSE='#'
BUILD_RAWMIDI_TRUE=''
BUILD_SEQ_FALSE='#'
BUILD_SEQ_TRUE=''
BUILD_UCM_FALSE='#'
BUILD_UCM_TRUE=''
CC='arm-linux-gcc'
CCDEPMODE='depmode=gcc3'
CFLAGS=' -D_GNU_SOURCE'
CPP='arm-linux-gcc -E'
CPPFLAGS=' -D__arm__'
CYGPATH_W='echo'
DEFS='-DHAVE_CONFIG_H'
DEPDIR='.deps'
DLLTOOL='false'
DSYMUTIL=''
DUMPBIN=''
ECHO_C=''
ECHO_N='-n'
ECHO_T=''
EGREP='/bin/grep -E'
EXEEXT=''
FGREP='/bin/grep -F'
GREP='/bin/grep'
INSTALL_DATA='${INSTALL} -m 644'
INSTALL_M4_FALSE='#'
INSTALL_M4_TRUE=''
INSTALL_PROGRAM='${INSTALL}'
INSTALL_SCRIPT='${INSTALL}'
INSTALL_STRIP_PROGRAM='$(install_sh) -c -s'
KEEP_OLD_SYMBOLS_FALSE='#'
KEEP_OLD_SYMBOLS_TRUE=''
LD='/opt/EmbedSky/4.3.3/arm-none-linux-gnueabi/bin/ld'
LDFLAGS=''
LIBOBJS=''
LIBS=''
LIBTOOL='$(SHELL) $(top_builddir)/libtool'
LIBTOOL_VERSION_INFO='2:0:0'
LIPO=''
LN_S='ln -s'
LTLIBOBJS=''
MAKEINFO='${SHELL} /home/tonyho/tq2440/MP3/alsa-lib-1.0.27/missing --run makeinfo'
MANIFEST_TOOL=':'
MKDIR_P='/bin/mkdir -p'
NM='/opt/EmbedSky/4.3.3/bin/arm-linux-nm -B'
NMEDIT=''
OBJDUMP='arm-linux-objdump'
OBJEXT='o'
OTOOL64=''
OTOOL=''
PACKAGE='alsa-lib'
PACKAGE_BUGREPORT=''
PACKAGE_NAME=''
PACKAGE_STRING=''
PACKAGE_TARNAME=''
PACKAGE_URL=''
PACKAGE_VERSION=''
PATH_SEPARATOR=':'
PYTHON_INCLUDES=''
PYTHON_LIBS=''
RANLIB='arm-linux-ranlib'
SED='/bin/sed'
SET_MAKE=''
SHELL='/bin/sh'
SND_LIB_EXTRAVER='1000000'
SND_LIB_MAJOR='1'
SND_LIB_MINOR='0'
SND_LIB_SUBMINOR='27'
SND_LIB_VERSION='1.0.27'
STRIP='arm-linux-strip'
SYMBOLIC_FUNCTIONS_FALSE=''
SYMBOLIC_FUNCTIONS_TRUE='#'
SYMBOL_PREFIX=''
VERSION='1.0.27'
VERSIONED_SYMBOLS_FALSE='#'
VERSIONED_SYMBOLS_TRUE=''
ac_ct_AR=''
ac_ct_CC=''
ac_ct_DUMPBIN=''
am__EXEEXT_FALSE=''
am__EXEEXT_TRUE='#'
am__fastdepCC_FALSE='#'
am__fastdepCC_TRUE=''
am__include='include'
am__isrc=''
am__leading_dot='.'
am__nodep='_no'
am__quote=''
am__tar='$${TAR-tar} chof - "$$tardir"'
am__untar='$${TAR-tar} xf -'
bindir='${exec_prefix}/bin'
build='x86_64-unknown-linux-gnu'
build_alias=''
build_cpu='x86_64'
build_os='linux-gnu'
build_vendor='unknown'
datadir='${datarootdir}'
datarootdir='${prefix}/share'
docdir='${datarootdir}/doc/${PACKAGE}'
dvidir='${docdir}'
exec_prefix='/home/tonyho/tq2440/MP3/alsa-lib-1.0.27/libout'
host='arm-unknown-linux-gnu'
host_alias='arm-linux'
host_cpu='arm'
host_os='linux-gnu'
host_vendor='unknown'
htmldir='${docdir}'
includedir='${prefix}/include'
infodir='${datarootdir}/info'
install_sh='${SHELL} /home/tonyho/tq2440/MP3/alsa-lib-1.0.27/install-sh'
libdir='${exec_prefix}/lib'
libexecdir='${exec_prefix}/libexec'
localedir='${datarootdir}/locale'
localstatedir='${prefix}/var'
mandir='${datarootdir}/man'
mkdir_p='$(MKDIR_P)'
oldincludedir='/usr/include'
pdfdir='${docdir}'
prefix='/home/tonyho/tq2440/MP3/alsa-lib-1.0.27/libout'
program_transform_name='s,x,x,'
psdir='${docdir}'
sbindir='${exec_prefix}/sbin'
sharedstatedir='${prefix}/com'
sysconfdir='${prefix}/etc'
target_alias=''

## ----------- ##
## confdefs.h. ##
## ----------- ##

/* confdefs.h */
#define PACKAGE_NAME ""
#define PACKAGE_TARNAME ""
#define PACKAGE_VERSION ""
#define PACKAGE_STRING ""
#define PACKAGE_BUGREPORT ""
#define PACKAGE_URL ""
#define PACKAGE "alsa-lib"
#define VERSION "1.0.27"
#define STDC_HEADERS 1
#define HAVE_SYS_TYPES_H 1
#define HAVE_SYS_STAT_H 1
#define HAVE_STDLIB_H 1
#define HAVE_STRING_H 1
#define HAVE_MEMORY_H 1
#define HAVE_STRINGS_H 1
#define HAVE_INTTYPES_H 1
#define HAVE_STDINT_H 1
#define HAVE_UNISTD_H 1
#define HAVE_DLFCN_H 1
#define LT_OBJDIR ".libs/"
#define STDC_HEADERS 1
#define TIME_WITH_SYS_TIME 1
#define HAVE_USELOCALE 1
#define VERSION "1.0.27"
#define ALSA_CONFIG_DIR "/home/tonyho/tq2440/MP3/alsa-lib-1.0.27/libout/share/alsa"
#define ALSA_PLUGIN_DIR "/home/tonyho/tq2440/MP3/alsa-lib-1.0.27/libout/lib/alsa-lib"
#define ALSA_PKGCONF_DIR "/home/tonyho/tq2440/MP3/alsa-lib-1.0.27/libout/lib/pkgconfig"
#define VERSIONED_SYMBOLS /**/
#define __SYMBOL_PREFIX ""
#define TMPDIR "/tmp"
#define HAVE_LIBDL 1
#define HAVE_LIBPTHREAD 1
#define HAVE___THREAD 1
#define HAVE_LIBRT 1
#define HAVE_CLOCK_GETTIME 1
#define HAVE_WORDEXP_H 1
#define SUPPORT_ALOAD "1"
#define ALSA_DEVICE_DIRECTORY "/dev/snd/"
#define ALOAD_DEVICE_DIRECTORY "/dev/"
#define BUILD_MIXER "1"
#define BUILD_PCM "1"
#define BUILD_RAWMIDI "1"
#define BUILD_HWDEP "1"
#define BUILD_SEQ "1"
#define BUILD_UCM "1"
#define BUILD_PCM_PLUGIN_RATE "1"
#define BUILD_PCM_PLUGIN_ROUTE "1"
#define BUILD_PCM_PLUGIN_LFLOAT "1"
#define BUILD_PCM_PLUGIN_ADPCM "1"
#define BUILD_PCM_PLUGIN_MULAW "1"
#define BUILD_PCM_PLUGIN_ALAW "1"
#define BUILD_PCM_PLUGIN_MMAP_EMUL "1"

configure: exit 0
